{"D:\\Programas y Aplicaciones\\GitHub\\treasury-ts\\src\\payment\\application\\create-payment.use-case.ts": {"path":"D:\\Programas y Aplicaciones\\GitHub\\treasury-ts\\src\\payment\\application\\create-payment.use-case.ts","statementMap":{"0":{"start":{"line":1,"column":0},"end":{"line":1,"column":69}},"1":{"start":{"line":2,"column":0},"end":{"line":2,"column":103}},"2":{"start":{"line":34,"column":22},"end":{"line":34,"column":58}},"3":{"start":{"line":36,"column":2},"end":{"line":85,"column":4}},"4":{"start":{"line":39,"column":21},"end":{"line":85,"column":4}},"5":{"start":{"line":40,"column":26},"end":{"line":66,"column":null}},"6":{"start":{"line":54,"column":8},"end":{"line":65,"column":null}},"7":{"start":{"line":69,"column":20},"end":{"line":82,"column":6}},"8":{"start":{"line":84,"column":4},"end":{"line":84,"column":64}},"9":{"start":{"line":33,"column":0},"end":{"line":33,"column":13}}},"fnMap":{"0":{"name":"(anonymous_7)","decl":{"start":{"line":34,"column":2},"end":{"line":34,"column":22}},"loc":{"start":{"line":34,"column":58},"end":{"line":34,"column":63}}},"1":{"name":"(anonymous_8)","decl":{"start":{"line":36,"column":32},"end":{"line":36,"column":null}},"loc":{"start":{"line":39,"column":21},"end":{"line":85,"column":4}}},"2":{"name":"(anonymous_9)","decl":{"start":{"line":39,"column":21},"end":{"line":39,"column":null}},"loc":{"start":{"line":39,"column":21},"end":{"line":85,"column":3}}},"3":{"name":"(anonymous_10)","decl":{"start":{"line":41,"column":6},"end":{"line":41,"column":7}},"loc":{"start":{"line":54,"column":8},"end":{"line":65,"column":null}}}},"branchMap":{},"s":{"0":1,"1":1,"2":1,"3":1,"4":0,"5":0,"6":0,"7":0,"8":0,"9":1},"f":{"0":1,"1":0,"2":0,"3":0},"b":{}}
,"D:\\Programas y Aplicaciones\\GitHub\\treasury-ts\\src\\payment\\application\\find-paymeny.use-case.ts": {"path":"D:\\Programas y Aplicaciones\\GitHub\\treasury-ts\\src\\payment\\application\\find-paymeny.use-case.ts","statementMap":{"0":{"start":{"line":3,"column":0},"end":{"line":3,"column":57}},"1":{"start":{"line":6,"column":24},"end":{"line":6,"column":60}},"2":{"start":{"line":8,"column":4},"end":{"line":16,"column":6}},"3":{"start":{"line":8,"column":81},"end":{"line":16,"column":6}},"4":{"start":{"line":9,"column":24},"end":{"line":9,"column":65}},"5":{"start":{"line":11,"column":8},"end":{"line":13,"column":null}},"6":{"start":{"line":12,"column":12},"end":{"line":12,"column":55}},"7":{"start":{"line":15,"column":8},"end":{"line":15,"column":20}},"8":{"start":{"line":5,"column":0},"end":{"line":5,"column":13}}},"fnMap":{"0":{"name":"(anonymous_7)","decl":{"start":{"line":6,"column":4},"end":{"line":6,"column":24}},"loc":{"start":{"line":6,"column":60},"end":{"line":6,"column":65}}},"1":{"name":"(anonymous_8)","decl":{"start":{"line":8,"column":18},"end":{"line":8,"column":25}},"loc":{"start":{"line":8,"column":81},"end":{"line":16,"column":6}}},"2":{"name":"(anonymous_9)","decl":{"start":{"line":8,"column":81},"end":{"line":8,"column":null}},"loc":{"start":{"line":8,"column":81},"end":{"line":16,"column":5}}}},"branchMap":{"0":{"loc":{"start":{"line":11,"column":8},"end":{"line":13,"column":null}},"type":"if","locations":[{"start":{"line":11,"column":8},"end":{"line":13,"column":null}}]}},"s":{"0":1,"1":1,"2":1,"3":2,"4":2,"5":2,"6":2,"7":0,"8":1},"f":{"0":1,"1":2,"2":2},"b":{"0":[2]}}
,"D:\\Programas y Aplicaciones\\GitHub\\treasury-ts\\src\\payment\\application\\update-payment.use-case.ts": {"path":"D:\\Programas y Aplicaciones\\GitHub\\treasury-ts\\src\\payment\\application\\update-payment.use-case.ts","statementMap":{"0":{"start":{"line":6,"column":22},"end":{"line":6,"column":58}},"1":{"start":{"line":9,"column":8},"end":{"line":9,"column":57}},"2":{"start":{"line":5,"column":0},"end":{"line":5,"column":13}}},"fnMap":{"0":{"name":"(anonymous_7)","decl":{"start":{"line":6,"column":2},"end":{"line":6,"column":22}},"loc":{"start":{"line":6,"column":58},"end":{"line":6,"column":62}}},"1":{"name":"(anonymous_8)","decl":{"start":{"line":8,"column":10},"end":{"line":8,"column":20}},"loc":{"start":{"line":8,"column":70},"end":{"line":10,"column":6}}}},"branchMap":{},"s":{"0":1,"1":1,"2":1},"f":{"0":1,"1":1},"b":{}}
,"D:\\Programas y Aplicaciones\\GitHub\\treasury-ts\\src\\payment\\application\\mappers\\payment.mapper.ts": {"path":"D:\\Programas y Aplicaciones\\GitHub\\treasury-ts\\src\\payment\\application\\mappers\\payment.mapper.ts","statementMap":{"0":{"start":{"line":7,"column":60},"end":{"line":20,"column":6}},"1":{"start":{"line":22,"column":4},"end":{"line":22,"column":33}},"2":{"start":{"line":4,"column":0},"end":{"line":4,"column":13}}},"fnMap":{"0":{"name":"(anonymous_0)","decl":{"start":{"line":5,"column":2},"end":{"line":5,"column":8}},"loc":{"start":{"line":5,"column":52},"end":{"line":23,"column":3}}}},"branchMap":{},"s":{"0":2,"1":2,"2":1},"f":{"0":2},"b":{}}
,"D:\\Programas y Aplicaciones\\GitHub\\treasury-ts\\src\\payment\\domain\\exceptions\\payment.exceptions.ts": {"path":"D:\\Programas y Aplicaciones\\GitHub\\treasury-ts\\src\\payment\\domain\\exceptions\\payment.exceptions.ts","statementMap":{"0":{"start":{"line":16,"column":26},"end":{"line":26,"column":1}},"1":{"start":{"line":17,"column":2},"end":{"line":25,"column":null}},"2":{"start":{"line":21,"column":6},"end":{"line":21,"column":21}},"3":{"start":{"line":23,"column":6},"end":{"line":23,"column":33}},"4":{"start":{"line":28,"column":13},"end":{"line":28,"column":53}},"5":{"start":{"line":29,"column":13},"end":{"line":29,"column":59}}},"fnMap":{"0":{"name":"(anonymous_0)","decl":{"start":{"line":16,"column":26},"end":{"line":16,"column":28}},"loc":{"start":{"line":16,"column":30},"end":{"line":26,"column":1}}},"1":{"name":"(anonymous_1)","decl":{"start":{"line":20,"column":4},"end":{"line":20,"column":16}},"loc":{"start":{"line":20,"column":61},"end":{"line":24,"column":5}}}},"branchMap":{},"s":{"0":1,"1":2,"2":0,"3":0,"4":1,"5":1},"f":{"0":2,"1":0},"b":{}}
,"D:\\Programas y Aplicaciones\\GitHub\\treasury-ts\\src\\payment\\domain\\model\\payment-detail.model.ts": {"path":"D:\\Programas y Aplicaciones\\GitHub\\treasury-ts\\src\\payment\\domain\\model\\payment-detail.model.ts","statementMap":{"0":{"start":{"line":1,"column":0},"end":{"line":1,"column":79}},"1":{"start":{"line":2,"column":0},"end":{"line":2,"column":75}},"2":{"start":{"line":31,"column":4},"end":{"line":31,"column":25}},"3":{"start":{"line":32,"column":4},"end":{"line":32,"column":49}},"4":{"start":{"line":33,"column":4},"end":{"line":33,"column":57}},"5":{"start":{"line":34,"column":4},"end":{"line":34,"column":41}},"6":{"start":{"line":35,"column":4},"end":{"line":35,"column":43}},"7":{"start":{"line":36,"column":4},"end":{"line":36,"column":79}},"8":{"start":{"line":37,"column":4},"end":{"line":37,"column":41}},"9":{"start":{"line":38,"column":4},"end":{"line":38,"column":43}},"10":{"start":{"line":39,"column":4},"end":{"line":39,"column":39}},"11":{"start":{"line":40,"column":4},"end":{"line":40,"column":45}},"12":{"start":{"line":41,"column":4},"end":{"line":41,"column":55}},"13":{"start":{"line":44,"column":4},"end":{"line":44,"column":69}},"14":{"start":{"line":45,"column":4},"end":{"line":45,"column":20}},"15":{"start":{"line":49,"column":18},"end":{"line":49,"column":28}},"16":{"start":{"line":51,"column":4},"end":{"line":56,"column":null}},"17":{"start":{"line":52,"column":6},"end":{"line":55,"column":8}},"18":{"start":{"line":58,"column":4},"end":{"line":63,"column":null}},"19":{"start":{"line":59,"column":6},"end":{"line":62,"column":8}},"20":{"start":{"line":65,"column":4},"end":{"line":73,"column":null}},"21":{"start":{"line":69,"column":6},"end":{"line":72,"column":8}},"22":{"start":{"line":75,"column":4},"end":{"line":111,"column":null}},"23":{"start":{"line":81,"column":6},"end":{"line":110,"column":8}},"24":{"start":{"line":113,"column":4},"end":{"line":149,"column":null}},"25":{"start":{"line":119,"column":6},"end":{"line":148,"column":8}},"26":{"start":{"line":4,"column":0},"end":{"line":4,"column":13}}},"fnMap":{"0":{"name":"(anonymous_0)","decl":{"start":{"line":18,"column":2},"end":{"line":18,"column":null}},"loc":{"start":{"line":29,"column":33},"end":{"line":46,"column":3}}},"1":{"name":"(anonymous_1)","decl":{"start":{"line":48,"column":2},"end":{"line":48,"column":10}},"loc":{"start":{"line":48,"column":10},"end":{"line":150,"column":3}}}},"branchMap":{"0":{"loc":{"start":{"line":51,"column":4},"end":{"line":56,"column":null}},"type":"if","locations":[{"start":{"line":51,"column":4},"end":{"line":56,"column":null}}]},"1":{"loc":{"start":{"line":58,"column":4},"end":{"line":63,"column":null}},"type":"if","locations":[{"start":{"line":58,"column":4},"end":{"line":63,"column":null}}]},"2":{"loc":{"start":{"line":65,"column":4},"end":{"line":73,"column":null}},"type":"if","locations":[{"start":{"line":65,"column":4},"end":{"line":73,"column":null}}]},"3":{"loc":{"start":{"line":66,"column":6},"end":{"line":67,"column":47}},"type":"binary-expr","locations":[{"start":{"line":66,"column":6},"end":{"line":66,"column":33}},{"start":{"line":67,"column":6},"end":{"line":67,"column":47}}]},"4":{"loc":{"start":{"line":75,"column":4},"end":{"line":111,"column":null}},"type":"if","locations":[{"start":{"line":75,"column":4},"end":{"line":111,"column":null}}]},"5":{"loc":{"start":{"line":113,"column":4},"end":{"line":149,"column":null}},"type":"if","locations":[{"start":{"line":113,"column":4},"end":{"line":149,"column":null}}]}},"s":{"0":1,"1":1,"2":2,"3":2,"4":2,"5":2,"6":2,"7":2,"8":2,"9":2,"10":2,"11":2,"12":2,"13":2,"14":2,"15":2,"16":2,"17":0,"18":2,"19":0,"20":2,"21":0,"22":2,"23":0,"24":2,"25":0,"26":1},"f":{"0":2,"1":2},"b":{"0":[0],"1":[0],"2":[0],"3":[2,2],"4":[0],"5":[0]}}
,"D:\\Programas y Aplicaciones\\GitHub\\treasury-ts\\src\\payment\\domain\\model\\payment.model.ts": {"path":"D:\\Programas y Aplicaciones\\GitHub\\treasury-ts\\src\\payment\\domain\\model\\payment.model.ts","statementMap":{"0":{"start":{"line":2,"column":0},"end":{"line":2,"column":79}},"1":{"start":{"line":3,"column":0},"end":{"line":3,"column":69}},"2":{"start":{"line":17,"column":12},"end":{"line":17,"column":43}},"3":{"start":{"line":30,"column":8},"end":{"line":30,"column":82}},"4":{"start":{"line":31,"column":8},"end":{"line":31,"column":43}},"5":{"start":{"line":32,"column":8},"end":{"line":32,"column":43}},"6":{"start":{"line":33,"column":8},"end":{"line":33,"column":45}},"7":{"start":{"line":34,"column":8},"end":{"line":34,"column":39}},"8":{"start":{"line":35,"column":8},"end":{"line":35,"column":51}},"9":{"start":{"line":36,"column":8},"end":{"line":36,"column":41}},"10":{"start":{"line":37,"column":8},"end":{"line":37,"column":57}},"11":{"start":{"line":38,"column":8},"end":{"line":38,"column":43}},"12":{"start":{"line":39,"column":8},"end":{"line":39,"column":34}},"13":{"start":{"line":40,"column":8},"end":{"line":40,"column":30}},"14":{"start":{"line":46,"column":30},"end":{"line":46,"column":46}},"15":{"start":{"line":48,"column":8},"end":{"line":50,"column":10}},"16":{"start":{"line":49,"column":12},"end":{"line":49,"column":84}},"17":{"start":{"line":52,"column":8},"end":{"line":54,"column":null}},"18":{"start":{"line":53,"column":12},"end":{"line":53,"column":null}},"19":{"start":{"line":56,"column":8},"end":{"line":65,"column":null}},"20":{"start":{"line":57,"column":12},"end":{"line":64,"column":36}},"21":{"start":{"line":67,"column":8},"end":{"line":94,"column":10}},"22":{"start":{"line":68,"column":12},"end":{"line":93,"column":36}},"23":{"start":{"line":96,"column":8},"end":{"line":138,"column":10}},"24":{"start":{"line":97,"column":12},"end":{"line":137,"column":36}},"25":{"start":{"line":140,"column":8},"end":{"line":142,"column":10}},"26":{"start":{"line":141,"column":12},"end":{"line":141,"column":null}},"27":{"start":{"line":144,"column":8},"end":{"line":146,"column":10}},"28":{"start":{"line":145,"column":12},"end":{"line":145,"column":null}},"29":{"start":{"line":150,"column":8},"end":{"line":152,"column":11}},"30":{"start":{"line":151,"column":12},"end":{"line":151,"column":86}},"31":{"start":{"line":154,"column":8},"end":{"line":156,"column":10}},"32":{"start":{"line":155,"column":12},"end":{"line":155,"column":null}},"33":{"start":{"line":5,"column":0},"end":{"line":5,"column":22}}},"fnMap":{"0":{"name":"(anonymous_0)","decl":{"start":{"line":19,"column":4},"end":{"line":19,"column":null}},"loc":{"start":{"line":28,"column":38},"end":{"line":41,"column":5}}},"1":{"name":"(anonymous_1)","decl":{"start":{"line":45,"column":4},"end":{"line":45,"column":22}},"loc":{"start":{"line":45,"column":22},"end":{"line":147,"column":5}}},"2":{"name":"(anonymous_2)","decl":{"start":{"line":149,"column":4},"end":{"line":149,"column":18}},"loc":{"start":{"line":149,"column":18},"end":{"line":157,"column":5}}},"3":{"name":"(anonymous_3)","decl":{"start":{"line":150,"column":35},"end":{"line":150,"column":36}},"loc":{"start":{"line":150,"column":61},"end":{"line":152,"column":9}}}},"branchMap":{"0":{"loc":{"start":{"line":30,"column":27},"end":{"line":30,"column":81}},"type":"cond-expr","locations":[{"start":{"line":30,"column":27},"end":{"line":30,"column":38}},{"start":{"line":30,"column":42},"end":{"line":30,"column":81}}]},"1":{"loc":{"start":{"line":30,"column":27},"end":{"line":30,"column":42}},"type":"binary-expr","locations":[{"start":{"line":30,"column":27},"end":{"line":30,"column":42}},{"start":{"line":30,"column":27},"end":{"line":30,"column":42}}]},"2":{"loc":{"start":{"line":48,"column":8},"end":{"line":50,"column":10}},"type":"if","locations":[{"start":{"line":48,"column":8},"end":{"line":50,"column":10}}]},"3":{"loc":{"start":{"line":52,"column":8},"end":{"line":54,"column":null}},"type":"if","locations":[{"start":{"line":52,"column":8},"end":{"line":54,"column":null}}]},"4":{"loc":{"start":{"line":56,"column":8},"end":{"line":65,"column":null}},"type":"if","locations":[{"start":{"line":56,"column":8},"end":{"line":65,"column":null}}]},"5":{"loc":{"start":{"line":67,"column":8},"end":{"line":94,"column":10}},"type":"if","locations":[{"start":{"line":67,"column":8},"end":{"line":94,"column":10}}]},"6":{"loc":{"start":{"line":96,"column":8},"end":{"line":138,"column":10}},"type":"if","locations":[{"start":{"line":96,"column":8},"end":{"line":138,"column":10}}]},"7":{"loc":{"start":{"line":140,"column":8},"end":{"line":142,"column":10}},"type":"if","locations":[{"start":{"line":140,"column":8},"end":{"line":142,"column":10}}]},"8":{"loc":{"start":{"line":144,"column":8},"end":{"line":146,"column":10}},"type":"if","locations":[{"start":{"line":144,"column":8},"end":{"line":146,"column":10}}]},"9":{"loc":{"start":{"line":154,"column":8},"end":{"line":156,"column":10}},"type":"if","locations":[{"start":{"line":154,"column":8},"end":{"line":156,"column":10}}]}},"s":{"0":1,"1":1,"2":2,"3":2,"4":2,"5":2,"6":2,"7":2,"8":2,"9":2,"10":2,"11":2,"12":2,"13":2,"14":2,"15":2,"16":0,"17":2,"18":0,"19":2,"20":0,"21":2,"22":0,"23":2,"24":0,"25":2,"26":0,"27":2,"28":0,"29":2,"30":2,"31":2,"32":0,"33":1},"f":{"0":2,"1":2,"2":2,"3":2},"b":{"0":[2,0],"1":[2,2],"2":[0],"3":[0],"4":[0],"5":[0],"6":[0],"7":[0],"8":[0],"9":[0]}}
,"D:\\Programas y Aplicaciones\\GitHub\\treasury-ts\\src\\payment\\domain\\model\\paymentCategories\\nontradicional-payment.model.ts": {"path":"D:\\Programas y Aplicaciones\\GitHub\\treasury-ts\\src\\payment\\domain\\model\\paymentCategories\\nontradicional-payment.model.ts","statementMap":{"0":{"start":{"line":2,"column":0},"end":{"line":2,"column":43}},"1":{"start":{"line":23,"column":4},"end":{"line":33,"column":6}},"2":{"start":{"line":35,"column":4},"end":{"line":35,"column":76}},"3":{"start":{"line":36,"column":4},"end":{"line":37,"column":60}},"4":{"start":{"line":38,"column":4},"end":{"line":38,"column":70}},"5":{"start":{"line":40,"column":4},"end":{"line":40,"column":20}},"6":{"start":{"line":44,"column":36},"end":{"line":44,"column":54}},"7":{"start":{"line":46,"column":4},"end":{"line":53,"column":null}},"8":{"start":{"line":50,"column":6},"end":{"line":52,"column":8}},"9":{"start":{"line":55,"column":4},"end":{"line":57,"column":null}},"10":{"start":{"line":56,"column":6},"end":{"line":56,"column":80}},"11":{"start":{"line":59,"column":4},"end":{"line":63,"column":null}},"12":{"start":{"line":60,"column":6},"end":{"line":62,"column":8}},"13":{"start":{"line":4,"column":0},"end":{"line":4,"column":13}}},"fnMap":{"0":{"name":"(anonymous_0)","decl":{"start":{"line":9,"column":2},"end":{"line":9,"column":14}},"loc":{"start":{"line":22,"column":3},"end":{"line":41,"column":3}}},"1":{"name":"(anonymous_1)","decl":{"start":{"line":43,"column":2},"end":{"line":43,"column":10}},"loc":{"start":{"line":43,"column":10},"end":{"line":64,"column":3}}}},"branchMap":{"0":{"loc":{"start":{"line":46,"column":4},"end":{"line":53,"column":null}},"type":"if","locations":[{"start":{"line":46,"column":4},"end":{"line":53,"column":null}}]},"1":{"loc":{"start":{"line":47,"column":6},"end":{"line":48,"column":52}},"type":"binary-expr","locations":[{"start":{"line":47,"column":6},"end":{"line":47,"column":35}},{"start":{"line":48,"column":6},"end":{"line":48,"column":52}}]},"2":{"loc":{"start":{"line":48,"column":6},"end":{"line":48,"column":46}},"type":"cond-expr","locations":[{"start":{"line":48,"column":38},"end":{"line":48,"column":40}},{"start":{"line":48,"column":38},"end":{"line":48,"column":46}}]},"3":{"loc":{"start":{"line":48,"column":6},"end":{"line":48,"column":40}},"type":"binary-expr","locations":[{"start":{"line":48,"column":6},"end":{"line":48,"column":40}},{"start":{"line":48,"column":38},"end":{"line":48,"column":40}}]},"4":{"loc":{"start":{"line":48,"column":6},"end":{"line":48,"column":38}},"type":"cond-expr","locations":[{"start":{"line":48,"column":26},"end":{"line":48,"column":28}},{"start":{"line":48,"column":26},"end":{"line":48,"column":38}}]},"5":{"loc":{"start":{"line":48,"column":6},"end":{"line":48,"column":28}},"type":"binary-expr","locations":[{"start":{"line":48,"column":6},"end":{"line":48,"column":28}},{"start":{"line":48,"column":26},"end":{"line":48,"column":28}}]},"6":{"loc":{"start":{"line":55,"column":4},"end":{"line":57,"column":null}},"type":"if","locations":[{"start":{"line":55,"column":4},"end":{"line":57,"column":null}}]},"7":{"loc":{"start":{"line":55,"column":8},"end":{"line":55,"column":33}},"type":"cond-expr","locations":[{"start":{"line":55,"column":25},"end":{"line":55,"column":27}},{"start":{"line":55,"column":25},"end":{"line":55,"column":33}}]},"8":{"loc":{"start":{"line":55,"column":8},"end":{"line":55,"column":27}},"type":"binary-expr","locations":[{"start":{"line":55,"column":8},"end":{"line":55,"column":27}},{"start":{"line":55,"column":25},"end":{"line":55,"column":27}}]},"9":{"loc":{"start":{"line":59,"column":4},"end":{"line":63,"column":null}},"type":"if","locations":[{"start":{"line":59,"column":4},"end":{"line":63,"column":null}}]}},"s":{"0":1,"1":2,"2":2,"3":2,"4":2,"5":2,"6":2,"7":2,"8":0,"9":2,"10":0,"11":2,"12":0,"13":1},"f":{"0":2,"1":2},"b":{"0":[0],"1":[2,0],"2":[0,0],"3":[0,0],"4":[0,0],"5":[0,0],"6":[0],"7":[0,2],"8":[2,2],"9":[0]}}
,"D:\\Programas y Aplicaciones\\GitHub\\treasury-ts\\src\\payment\\infrastructure\\adapters\\payment.adapter.ts": {"path":"D:\\Programas y Aplicaciones\\GitHub\\treasury-ts\\src\\payment\\infrastructure\\adapters\\payment.adapter.ts","statementMap":{"0":{"start":{"line":1,"column":0},"end":{"line":1,"column":30}},"1":{"start":{"line":2,"column":0},"end":{"line":2,"column":81}},"2":{"start":{"line":3,"column":0},"end":{"line":3,"column":70}},"3":{"start":{"line":4,"column":0},"end":{"line":4,"column":79}},"4":{"start":{"line":5,"column":0},"end":{"line":5,"column":77}},"5":{"start":{"line":6,"column":0},"end":{"line":6,"column":81}},"6":{"start":{"line":8,"column":30},"end":{"line":28,"column":1}},"7":{"start":{"line":9,"column":17},"end":{"line":9,"column":33}},"8":{"start":{"line":11,"column":28},"end":{"line":11,"column":59}},"9":{"start":{"line":13,"column":31},"end":{"line":13,"column":74}},"10":{"start":{"line":14,"column":31},"end":{"line":14,"column":74}},"11":{"start":{"line":15,"column":29},"end":{"line":15,"column":70}},"12":{"start":{"line":17,"column":21},"end":{"line":20,"column":null}},"13":{"start":{"line":23,"column":2},"end":{"line":23,"column":55}},"14":{"start":{"line":24,"column":2},"end":{"line":24,"column":60}},"15":{"start":{"line":25,"column":2},"end":{"line":25,"column":60}},"16":{"start":{"line":27,"column":2},"end":{"line":27,"column":31}},"17":{"start":{"line":8,"column":13},"end":{"line":8,"column":30}}},"fnMap":{"0":{"name":"(anonymous_1)","decl":{"start":{"line":8,"column":30},"end":{"line":8,"column":31}},"loc":{"start":{"line":8,"column":59},"end":{"line":28,"column":1}}}},"branchMap":{},"s":{"0":1,"1":1,"2":1,"3":1,"4":1,"5":1,"6":1,"7":1,"8":1,"9":1,"10":1,"11":1,"12":1,"13":1,"14":1,"15":1,"16":1,"17":1},"f":{"0":1},"b":{}}
,"D:\\Programas y Aplicaciones\\GitHub\\treasury-ts\\src\\payment\\infrastructure\\config\\postgres.client.ts": {"path":"D:\\Programas y Aplicaciones\\GitHub\\treasury-ts\\src\\payment\\infrastructure\\config\\postgres.client.ts","statementMap":{"0":{"start":{"line":1,"column":0},"end":{"line":1,"column":26}},"1":{"start":{"line":7,"column":4},"end":{"line":16,"column":null}},"2":{"start":{"line":8,"column":6},"end":{"line":15,"column":9}},"3":{"start":{"line":14,"column":24},"end":{"line":14,"column":67}},"4":{"start":{"line":18,"column":4},"end":{"line":18,"column":39}},"5":{"start":{"line":3,"column":0},"end":{"line":3,"column":13}}},"fnMap":{"0":{"name":"(anonymous_0)","decl":{"start":{"line":6,"column":2},"end":{"line":6,"column":8}},"loc":{"start":{"line":6,"column":22},"end":{"line":19,"column":3}}},"1":{"name":"(anonymous_1)","decl":{"start":{"line":14,"column":13},"end":{"line":14,"column":14}},"loc":{"start":{"line":14,"column":24},"end":{"line":14,"column":67}}}},"branchMap":{"0":{"loc":{"start":{"line":7,"column":4},"end":{"line":16,"column":null}},"type":"if","locations":[{"start":{"line":7,"column":4},"end":{"line":16,"column":null}}]}},"s":{"0":1,"1":1,"2":1,"3":9,"4":0,"5":1},"f":{"0":1,"1":9},"b":{"0":[1]}}
,"D:\\Programas y Aplicaciones\\GitHub\\treasury-ts\\src\\payment\\infrastructure\\controllers\\payment.controller.ts": {"path":"D:\\Programas y Aplicaciones\\GitHub\\treasury-ts\\src\\payment\\infrastructure\\controllers\\payment.controller.ts","statementMap":{"0":{"start":{"line":6,"column":0},"end":{"line":6,"column":104}},"1":{"start":{"line":10,"column":12},"end":{"line":10,"column":54}},"2":{"start":{"line":11,"column":12},"end":{"line":11,"column":50}},"3":{"start":{"line":12,"column":12},"end":{"line":12,"column":54}},"4":{"start":{"line":15,"column":2},"end":{"line":72,"column":4}},"5":{"start":{"line":15,"column":61},"end":{"line":72,"column":4}},"6":{"start":{"line":16,"column":4},"end":{"line":71,"column":null}},"7":{"start":{"line":18,"column":8},"end":{"line":32,"column":null}},"8":{"start":{"line":35,"column":6},"end":{"line":39,"column":9}},"9":{"start":{"line":41,"column":6},"end":{"line":70,"column":null}},"10":{"start":{"line":45,"column":27},"end":{"line":59,"column":10}},"11":{"start":{"line":61,"column":8},"end":{"line":64,"column":11}},"12":{"start":{"line":66,"column":8},"end":{"line":69,"column":11}},"13":{"start":{"line":74,"column":2},"end":{"line":90,"column":4}},"14":{"start":{"line":74,"column":65},"end":{"line":90,"column":4}},"15":{"start":{"line":75,"column":4},"end":{"line":89,"column":null}},"16":{"start":{"line":76,"column":32},"end":{"line":76,"column":51}},"17":{"start":{"line":78,"column":22},"end":{"line":78,"column":74}},"18":{"start":{"line":80,"column":6},"end":{"line":83,"column":9}},"19":{"start":{"line":85,"column":6},"end":{"line":88,"column":9}},"20":{"start":{"line":92,"column":2},"end":{"line":126,"column":4}},"21":{"start":{"line":92,"column":69},"end":{"line":126,"column":4}},"22":{"start":{"line":93,"column":38},"end":{"line":98,"column":6}},"23":{"start":{"line":100,"column":4},"end":{"line":125,"column":null}},"24":{"start":{"line":101,"column":28},"end":{"line":102,"column":null}},"25":{"start":{"line":105,"column":6},"end":{"line":112,"column":null}},"26":{"start":{"line":106,"column":8},"end":{"line":109,"column":11}},"27":{"start":{"line":111,"column":8},"end":{"line":111,"column":15}},"28":{"start":{"line":114,"column":6},"end":{"line":114,"column":79}},"29":{"start":{"line":116,"column":6},"end":{"line":119,"column":9}},"30":{"start":{"line":121,"column":6},"end":{"line":124,"column":9}},"31":{"start":{"line":8,"column":0},"end":{"line":8,"column":13}}},"fnMap":{"0":{"name":"(anonymous_7)","decl":{"start":{"line":9,"column":2},"end":{"line":9,"column":null}},"loc":{"start":{"line":12,"column":54},"end":{"line":13,"column":7}}},"1":{"name":"(anonymous_8)","decl":{"start":{"line":15,"column":18},"end":{"line":15,"column":25}},"loc":{"start":{"line":15,"column":61},"end":{"line":72,"column":4}}},"2":{"name":"(anonymous_9)","decl":{"start":{"line":15,"column":61},"end":{"line":15,"column":null}},"loc":{"start":{"line":15,"column":61},"end":{"line":72,"column":3}}},"3":{"name":"(anonymous_10)","decl":{"start":{"line":74,"column":20},"end":{"line":74,"column":27}},"loc":{"start":{"line":74,"column":65},"end":{"line":90,"column":4}}},"4":{"name":"(anonymous_11)","decl":{"start":{"line":74,"column":65},"end":{"line":74,"column":null}},"loc":{"start":{"line":74,"column":65},"end":{"line":90,"column":3}}},"5":{"name":"(anonymous_12)","decl":{"start":{"line":92,"column":18},"end":{"line":92,"column":25}},"loc":{"start":{"line":92,"column":69},"end":{"line":126,"column":4}}},"6":{"name":"(anonymous_13)","decl":{"start":{"line":92,"column":69},"end":{"line":92,"column":null}},"loc":{"start":{"line":92,"column":69},"end":{"line":126,"column":3}}}},"branchMap":{"0":{"loc":{"start":{"line":41,"column":6},"end":{"line":70,"column":null}},"type":"if","locations":[{"start":{"line":41,"column":6},"end":{"line":70,"column":null}},{"start":{"line":65,"column":13},"end":{"line":70,"column":null}}]},"1":{"loc":{"start":{"line":42,"column":8},"end":{"line":43,"column":48}},"type":"binary-expr","locations":[{"start":{"line":42,"column":8},"end":{"line":42,"column":42}},{"start":{"line":43,"column":8},"end":{"line":43,"column":48}}]},"2":{"loc":{"start":{"line":105,"column":6},"end":{"line":112,"column":null}},"type":"if","locations":[{"start":{"line":105,"column":6},"end":{"line":112,"column":null}}]}},"s":{"0":1,"1":1,"2":1,"3":1,"4":1,"5":0,"6":0,"7":0,"8":0,"9":0,"10":0,"11":0,"12":0,"13":1,"14":1,"15":1,"16":1,"17":1,"18":1,"19":0,"20":1,"21":1,"22":1,"23":1,"24":1,"25":1,"26":0,"27":0,"28":1,"29":1,"30":0,"31":1},"f":{"0":1,"1":0,"2":0,"3":1,"4":1,"5":1,"6":1},"b":{"0":[0,0],"1":[0,0],"2":[0]}}
,"D:\\Programas y Aplicaciones\\GitHub\\treasury-ts\\src\\payment\\infrastructure\\repositories\\payment.repository.ts": {"path":"D:\\Programas y Aplicaciones\\GitHub\\treasury-ts\\src\\payment\\infrastructure\\repositories\\payment.repository.ts","statementMap":{"0":{"start":{"line":3,"column":0},"end":{"line":3,"column":61}},"1":{"start":{"line":4,"column":0},"end":{"line":4,"column":106}},"2":{"start":{"line":5,"column":0},"end":{"line":5,"column":72}},"3":{"start":{"line":11,"column":4},"end":{"line":11,"column":49}},"4":{"start":{"line":18,"column":19},"end":{"line":18,"column":44}},"5":{"start":{"line":20,"column":4},"end":{"line":91,"column":null}},"6":{"start":{"line":21,"column":6},"end":{"line":21,"column":34}},"7":{"start":{"line":23,"column":20},"end":{"line":45,"column":14}},"8":{"start":{"line":47,"column":26},"end":{"line":47,"column":51}},"9":{"start":{"line":49,"column":6},"end":{"line":82,"column":9}},"10":{"start":{"line":49,"column":42},"end":{"line":82,"column":8}},"11":{"start":{"line":50,"column":22},"end":{"line":79,"column":18}},"12":{"start":{"line":81,"column":8},"end":{"line":81,"column":34}},"13":{"start":{"line":84,"column":6},"end":{"line":84,"column":35}},"14":{"start":{"line":86,"column":6},"end":{"line":86,"column":36}},"15":{"start":{"line":87,"column":6},"end":{"line":87,"column":37}},"16":{"start":{"line":88,"column":6},"end":{"line":88,"column":29}},"17":{"start":{"line":90,"column":6},"end":{"line":90,"column":29}},"18":{"start":{"line":95,"column":19},"end":{"line":95,"column":44}},"19":{"start":{"line":97,"column":4},"end":{"line":151,"column":null}},"20":{"start":{"line":98,"column":33},"end":{"line":98,"column":87}},"21":{"start":{"line":99,"column":33},"end":{"line":99,"column":87}},"22":{"start":{"line":100,"column":34},"end":{"line":100,"column":72}},"23":{"start":{"line":101,"column":34},"end":{"line":101,"column":72}},"24":{"start":{"line":103,"column":6},"end":{"line":105,"column":null}},"25":{"start":{"line":104,"column":8},"end":{"line":104,"column":20}},"26":{"start":{"line":107,"column":6},"end":{"line":109,"column":null}},"27":{"start":{"line":108,"column":8},"end":{"line":108,"column":20}},"28":{"start":{"line":111,"column":46},"end":{"line":111,"column":48}},"29":{"start":{"line":113,"column":6},"end":{"line":129,"column":9}},"30":{"start":{"line":114,"column":45},"end":{"line":125,"column":null}},"31":{"start":{"line":128,"column":8},"end":{"line":128,"column":43}},"32":{"start":{"line":131,"column":59},"end":{"line":144,"column":8}},"33":{"start":{"line":146,"column":6},"end":{"line":146,"column":35}},"34":{"start":{"line":148,"column":6},"end":{"line":148,"column":37}},"35":{"start":{"line":150,"column":6},"end":{"line":150,"column":29}},"36":{"start":{"line":155,"column":23},"end":{"line":155,"column":48}},"37":{"start":{"line":157,"column":4},"end":{"line":192,"column":null}},"38":{"start":{"line":158,"column":21},"end":{"line":158,"column":23}},"39":{"start":{"line":160,"column":6},"end":{"line":162,"column":null}},"40":{"start":{"line":161,"column":8},"end":{"line":161,"column":59}},"41":{"start":{"line":164,"column":6},"end":{"line":166,"column":null}},"42":{"start":{"line":165,"column":8},"end":{"line":165,"column":69}},"43":{"start":{"line":168,"column":6},"end":{"line":170,"column":null}},"44":{"start":{"line":169,"column":8},"end":{"line":169,"column":73}},"45":{"start":{"line":172,"column":6},"end":{"line":174,"column":null}},"46":{"start":{"line":173,"column":8},"end":{"line":173,"column":77}},"47":{"start":{"line":176,"column":6},"end":{"line":187,"column":null}},"48":{"start":{"line":177,"column":8},"end":{"line":177,"column":36}},"49":{"start":{"line":179,"column":28},"end":{"line":183,"column":18}},"50":{"start":{"line":184,"column":8},"end":{"line":184,"column":45}},"51":{"start":{"line":185,"column":8},"end":{"line":185,"column":40}},"52":{"start":{"line":186,"column":8},"end":{"line":186,"column":37}},"53":{"start":{"line":189,"column":6},"end":{"line":189,"column":29}},"54":{"start":{"line":191,"column":6},"end":{"line":191,"column":23}},"55":{"start":{"line":196,"column":4},"end":{"line":196,"column":52}},"56":{"start":{"line":7,"column":0},"end":{"line":7,"column":13}}},"fnMap":{"0":{"name":"(anonymous_7)","decl":{"start":{"line":10,"column":2},"end":{"line":10,"column":null}},"loc":{"start":{"line":10,"column":2},"end":{"line":12,"column":3}}},"1":{"name":"(anonymous_8)","decl":{"start":{"line":14,"column":8},"end":{"line":14,"column":14}},"loc":{"start":{"line":16,"column":34},"end":{"line":92,"column":null}}},"2":{"name":"(anonymous_10)","decl":{"start":{"line":49,"column":28},"end":{"line":49,"column":35}},"loc":{"start":{"line":49,"column":42},"end":{"line":82,"column":8}}},"3":{"name":"(anonymous_11)","decl":{"start":{"line":49,"column":42},"end":{"line":49,"column":null}},"loc":{"start":{"line":49,"column":42},"end":{"line":82,"column":7}}},"4":{"name":"(anonymous_12)","decl":{"start":{"line":94,"column":8},"end":{"line":94,"column":16}},"loc":{"start":{"line":94,"column":27},"end":{"line":152,"column":null}}},"5":{"name":"(anonymous_14)","decl":{"start":{"line":113,"column":39},"end":{"line":113,"column":40}},"loc":{"start":{"line":113,"column":51},"end":{"line":129,"column":7}}},"6":{"name":"(anonymous_15)","decl":{"start":{"line":154,"column":10},"end":{"line":154,"column":16}},"loc":{"start":{"line":154,"column":66},"end":{"line":193,"column":null}}},"7":{"name":"(anonymous_17)","decl":{"start":{"line":195,"column":2},"end":{"line":195,"column":8}},"loc":{"start":{"line":195,"column":19},"end":{"line":197,"column":3}}}},"branchMap":{"0":{"loc":{"start":{"line":103,"column":6},"end":{"line":105,"column":null}},"type":"if","locations":[{"start":{"line":103,"column":6},"end":{"line":105,"column":null}}]},"1":{"loc":{"start":{"line":107,"column":6},"end":{"line":109,"column":null}},"type":"if","locations":[{"start":{"line":107,"column":6},"end":{"line":109,"column":null}}]},"2":{"loc":{"start":{"line":160,"column":6},"end":{"line":162,"column":null}},"type":"if","locations":[{"start":{"line":160,"column":6},"end":{"line":162,"column":null}}]},"3":{"loc":{"start":{"line":164,"column":6},"end":{"line":166,"column":null}},"type":"if","locations":[{"start":{"line":164,"column":6},"end":{"line":166,"column":null}}]},"4":{"loc":{"start":{"line":168,"column":6},"end":{"line":170,"column":null}},"type":"if","locations":[{"start":{"line":168,"column":6},"end":{"line":170,"column":null}}]},"5":{"loc":{"start":{"line":172,"column":6},"end":{"line":174,"column":null}},"type":"if","locations":[{"start":{"line":172,"column":6},"end":{"line":174,"column":null}}]},"6":{"loc":{"start":{"line":176,"column":6},"end":{"line":187,"column":null}},"type":"if","locations":[{"start":{"line":176,"column":6},"end":{"line":187,"column":null}}]}},"s":{"0":1,"1":1,"2":1,"3":1,"4":0,"5":0,"6":0,"7":0,"8":0,"9":0,"10":0,"11":0,"12":0,"13":0,"14":0,"15":0,"16":0,"17":0,"18":2,"19":2,"20":2,"21":2,"22":2,"23":2,"24":2,"25":0,"26":2,"27":0,"28":2,"29":2,"30":2,"31":2,"32":2,"33":2,"34":0,"35":2,"36":1,"37":1,"38":1,"39":1,"40":1,"41":1,"42":1,"43":1,"44":1,"45":1,"46":1,"47":1,"48":1,"49":1,"50":1,"51":1,"52":1,"53":0,"54":0,"55":0,"56":1},"f":{"0":1,"1":0,"2":0,"3":0,"4":2,"5":2,"6":1,"7":0},"b":{"0":[0],"1":[0],"2":[1],"3":[1],"4":[1],"5":[1],"6":[1]}}
,"D:\\Programas y Aplicaciones\\GitHub\\treasury-ts\\src\\shared\\utils\\date-utils.ts": {"path":"D:\\Programas y Aplicaciones\\GitHub\\treasury-ts\\src\\shared\\utils\\date-utils.ts","statementMap":{"0":{"start":{"line":1,"column":43},"end":{"line":11,"column":1}},"1":{"start":{"line":2,"column":15},"end":{"line":2,"column":44}},"2":{"start":{"line":3,"column":16},"end":{"line":3,"column":65}},"3":{"start":{"line":4,"column":14},"end":{"line":4,"column":55}},"4":{"start":{"line":5,"column":15},"end":{"line":5,"column":58}},"5":{"start":{"line":6,"column":17},"end":{"line":6,"column":62}},"6":{"start":{"line":7,"column":18},"end":{"line":7,"column":63}},"7":{"start":{"line":8,"column":22},"end":{"line":8,"column":72}},"8":{"start":{"line":10,"column":2},"end":{"line":10,"column":79}},"9":{"start":{"line":1,"column":13},"end":{"line":1,"column":43}}},"fnMap":{"0":{"name":"(anonymous_0)","decl":{"start":{"line":1,"column":43},"end":{"line":1,"column":44}},"loc":{"start":{"line":1,"column":66},"end":{"line":11,"column":1}}}},"branchMap":{},"s":{"0":1,"1":2,"2":2,"3":2,"4":2,"5":2,"6":2,"7":2,"8":2,"9":1},"f":{"0":2},"b":{}}
}
