TN:
SF:src\payment\application\create-payment.use-case.ts
FN:34,(anonymous_7)
FN:36,(anonymous_8)
FN:39,(anonymous_9)
FN:41,(anonymous_10)
FNF:4
FNH:1
FNDA:1,(anonymous_7)
FNDA:0,(anonymous_8)
FNDA:0,(anonymous_9)
FNDA:0,(anonymous_10)
DA:1,1
DA:2,1
DA:33,1
DA:34,1
DA:36,1
DA:39,0
DA:40,0
DA:54,0
DA:69,0
DA:84,0
LF:10
LH:5
BRF:0
BRH:0
end_of_record
TN:
SF:src\payment\application\find-paymeny.use-case.ts
FN:6,(anonymous_7)
FN:8,(anonymous_8)
FN:8,(anonymous_9)
FNF:3
FNH:3
FNDA:1,(anonymous_7)
FNDA:2,(anonymous_8)
FNDA:2,(anonymous_9)
DA:3,1
DA:5,1
DA:6,1
DA:8,2
DA:9,2
DA:11,2
DA:12,2
DA:15,0
LF:8
LH:7
BRDA:11,0,0,2
BRF:1
BRH:1
end_of_record
TN:
SF:src\payment\application\update-payment.use-case.ts
FN:6,(anonymous_7)
FN:8,(anonymous_8)
FNF:2
FNH:2
FNDA:1,(anonymous_7)
FNDA:1,(anonymous_8)
DA:5,1
DA:6,1
DA:9,1
LF:3
LH:3
BRF:0
BRH:0
end_of_record
TN:
SF:src\payment\application\mappers\payment.mapper.ts
FN:5,(anonymous_0)
FNF:1
FNH:1
FNDA:2,(anonymous_0)
DA:4,1
DA:7,2
DA:22,2
LF:3
LH:3
BRF:0
BRH:0
end_of_record
TN:
SF:src\payment\domain\exceptions\payment.exceptions.ts
FN:16,(anonymous_0)
FN:20,(anonymous_1)
FNF:2
FNH:1
FNDA:2,(anonymous_0)
FNDA:0,(anonymous_1)
DA:16,1
DA:17,2
DA:21,0
DA:23,0
DA:28,1
DA:29,1
LF:6
LH:4
BRF:0
BRH:0
end_of_record
TN:
SF:src\payment\domain\model\payment-detail.model.ts
FN:18,(anonymous_0)
FN:48,(anonymous_1)
FNF:2
FNH:2
FNDA:2,(anonymous_0)
FNDA:2,(anonymous_1)
DA:1,1
DA:2,1
DA:4,1
DA:31,2
DA:32,2
DA:33,2
DA:34,2
DA:35,2
DA:36,2
DA:37,2
DA:38,2
DA:39,2
DA:40,2
DA:41,2
DA:44,2
DA:45,2
DA:49,2
DA:51,2
DA:52,0
DA:58,2
DA:59,0
DA:65,2
DA:69,0
DA:75,2
DA:81,0
DA:113,2
DA:119,0
LF:27
LH:22
BRDA:51,0,0,0
BRDA:58,1,0,0
BRDA:65,2,0,0
BRDA:66,3,0,2
BRDA:66,3,1,2
BRDA:75,4,0,0
BRDA:113,5,0,0
BRF:7
BRH:2
end_of_record
TN:
SF:src\payment\domain\model\payment.model.ts
FN:19,(anonymous_0)
FN:45,(anonymous_1)
FN:149,(anonymous_2)
FN:150,(anonymous_3)
FNF:4
FNH:4
FNDA:2,(anonymous_0)
FNDA:2,(anonymous_1)
FNDA:2,(anonymous_2)
FNDA:2,(anonymous_3)
DA:2,1
DA:3,1
DA:5,1
DA:17,2
DA:30,2
DA:31,2
DA:32,2
DA:33,2
DA:34,2
DA:35,2
DA:36,2
DA:37,2
DA:38,2
DA:39,2
DA:40,2
DA:46,2
DA:48,2
DA:49,0
DA:52,2
DA:53,0
DA:56,2
DA:57,0
DA:67,2
DA:68,0
DA:96,2
DA:97,0
DA:140,2
DA:141,0
DA:144,2
DA:145,0
DA:150,2
DA:151,2
DA:154,2
DA:155,0
LF:34
LH:26
BRDA:30,0,0,2
BRDA:30,0,1,0
BRDA:30,1,0,2
BRDA:30,1,1,2
BRDA:48,2,0,0
BRDA:52,3,0,0
BRDA:56,4,0,0
BRDA:67,5,0,0
BRDA:96,6,0,0
BRDA:140,7,0,0
BRDA:144,8,0,0
BRDA:154,9,0,0
BRF:12
BRH:3
end_of_record
TN:
SF:src\payment\domain\model\paymentCategories\nontradicional-payment.model.ts
FN:9,(anonymous_0)
FN:43,(anonymous_1)
FNF:2
FNH:2
FNDA:2,(anonymous_0)
FNDA:2,(anonymous_1)
DA:2,1
DA:4,1
DA:23,2
DA:35,2
DA:36,2
DA:38,2
DA:40,2
DA:44,2
DA:46,2
DA:50,0
DA:55,2
DA:56,0
DA:59,2
DA:60,0
LF:14
LH:11
BRDA:46,0,0,0
BRDA:47,1,0,2
BRDA:47,1,1,0
BRDA:48,2,0,0
BRDA:48,2,1,0
BRDA:48,3,0,0
BRDA:48,3,1,0
BRDA:48,4,0,0
BRDA:48,4,1,0
BRDA:48,5,0,0
BRDA:48,5,1,0
BRDA:55,6,0,0
BRDA:55,7,0,0
BRDA:55,7,1,2
BRDA:55,8,0,2
BRDA:55,8,1,2
BRDA:59,9,0,0
BRF:17
BRH:4
end_of_record
TN:
SF:src\payment\infrastructure\adapters\payment.adapter.ts
FN:8,(anonymous_1)
FNF:1
FNH:1
FNDA:1,(anonymous_1)
DA:1,1
DA:2,1
DA:3,1
DA:4,1
DA:5,1
DA:6,1
DA:8,1
DA:9,1
DA:11,1
DA:13,1
DA:14,1
DA:15,1
DA:17,1
DA:23,1
DA:24,1
DA:25,1
DA:27,1
LF:17
LH:17
BRF:0
BRH:0
end_of_record
TN:
SF:src\payment\infrastructure\config\postgres.client.ts
FN:6,(anonymous_0)
FN:14,(anonymous_1)
FNF:2
FNH:2
FNDA:1,(anonymous_0)
FNDA:9,(anonymous_1)
DA:1,1
DA:3,1
DA:7,1
DA:8,1
DA:14,9
DA:18,0
LF:6
LH:5
BRDA:7,0,0,1
BRF:1
BRH:1
end_of_record
TN:
SF:src\payment\infrastructure\controllers\payment.controller.ts
FN:9,(anonymous_7)
FN:15,(anonymous_8)
FN:15,(anonymous_9)
FN:74,(anonymous_10)
FN:74,(anonymous_11)
FN:92,(anonymous_12)
FN:92,(anonymous_13)
FNF:7
FNH:5
FNDA:1,(anonymous_7)
FNDA:0,(anonymous_8)
FNDA:0,(anonymous_9)
FNDA:1,(anonymous_10)
FNDA:1,(anonymous_11)
FNDA:1,(anonymous_12)
FNDA:1,(anonymous_13)
DA:6,1
DA:8,1
DA:10,1
DA:11,1
DA:12,1
DA:15,1
DA:16,0
DA:18,0
DA:35,0
DA:41,0
DA:45,0
DA:61,0
DA:66,0
DA:74,1
DA:75,1
DA:76,1
DA:78,1
DA:80,1
DA:85,0
DA:92,1
DA:93,1
DA:100,1
DA:101,1
DA:105,1
DA:106,0
DA:111,0
DA:114,1
DA:116,1
DA:121,0
LF:29
LH:18
BRDA:41,0,0,0
BRDA:41,0,1,0
BRDA:42,1,0,0
BRDA:42,1,1,0
BRDA:105,2,0,0
BRF:5
BRH:0
end_of_record
TN:
SF:src\payment\infrastructure\repositories\payment.repository.ts
FN:10,(anonymous_7)
FN:14,(anonymous_8)
FN:49,(anonymous_10)
FN:49,(anonymous_11)
FN:94,(anonymous_12)
FN:113,(anonymous_14)
FN:154,(anonymous_15)
FN:195,(anonymous_17)
FNF:8
FNH:4
FNDA:1,(anonymous_7)
FNDA:0,(anonymous_8)
FNDA:0,(anonymous_10)
FNDA:0,(anonymous_11)
FNDA:2,(anonymous_12)
FNDA:2,(anonymous_14)
FNDA:1,(anonymous_15)
FNDA:0,(anonymous_17)
DA:3,1
DA:4,1
DA:5,1
DA:7,1
DA:11,1
DA:18,0
DA:20,0
DA:21,0
DA:23,0
DA:47,0
DA:49,0
DA:50,0
DA:81,0
DA:84,0
DA:86,0
DA:87,0
DA:88,0
DA:90,0
DA:95,2
DA:97,2
DA:98,2
DA:99,2
DA:100,2
DA:101,2
DA:103,2
DA:104,0
DA:107,2
DA:108,0
DA:111,2
DA:113,2
DA:114,2
DA:128,2
DA:131,2
DA:146,2
DA:148,0
DA:150,2
DA:155,1
DA:157,1
DA:158,1
DA:160,1
DA:161,1
DA:164,1
DA:165,1
DA:168,1
DA:169,1
DA:172,1
DA:173,1
DA:176,1
DA:177,1
DA:179,1
DA:184,1
DA:185,1
DA:186,1
DA:189,0
DA:191,0
DA:196,0
LF:56
LH:37
BRDA:103,0,0,0
BRDA:107,1,0,0
BRDA:160,2,0,1
BRDA:164,3,0,1
BRDA:168,4,0,1
BRDA:172,5,0,1
BRDA:176,6,0,1
BRF:7
BRH:5
end_of_record
TN:
SF:src\shared\utils\date-utils.ts
FN:1,(anonymous_0)
FNF:1
FNH:1
FNDA:2,(anonymous_0)
DA:1,1
DA:2,2
DA:3,2
DA:4,2
DA:5,2
DA:6,2
DA:7,2
DA:8,2
DA:10,2
LF:9
LH:9
BRF:0
BRH:0
end_of_record
